Traceback (most recent call last):
  File "/home/kamilo44/anaconda3/lib/python3.9/site-packages/jupyter_cache/executors/utils.py", line 51, in single_nb_execution
    executenb(
  File "/home/kamilo44/anaconda3/lib/python3.9/site-packages/nbclient/client.py", line 1112, in execute
    return NotebookClient(nb=nb, resources=resources, km=km, **kwargs).execute()
  File "/home/kamilo44/anaconda3/lib/python3.9/site-packages/nbclient/util.py", line 74, in wrapped
    return just_run(coro(*args, **kwargs))
  File "/home/kamilo44/anaconda3/lib/python3.9/site-packages/nbclient/util.py", line 53, in just_run
    return loop.run_until_complete(coro)
  File "/home/kamilo44/anaconda3/lib/python3.9/asyncio/base_events.py", line 642, in run_until_complete
    return future.result()
  File "/home/kamilo44/anaconda3/lib/python3.9/site-packages/nbclient/client.py", line 553, in async_execute
    await self.async_execute_cell(
  File "/home/kamilo44/anaconda3/lib/python3.9/site-packages/nbclient/client.py", line 857, in async_execute_cell
    self._check_raise_for_error(cell, exec_reply)
  File "/home/kamilo44/anaconda3/lib/python3.9/site-packages/nbclient/client.py", line 760, in _check_raise_for_error
    raise CellExecutionError.from_cell_and_msg(cell, exec_reply_content)
nbclient.exceptions.CellExecutionError: An error occurred while executing the following cell:
------------------
import numpy as np
import cv2
image = cv2.imread('../Imagenes/ave.jpeg')
cv2.imshow('Imagen de entrada',image)
cv2.waitKey(0)
cv2.destroyAllWindows()
#Voy aquí
------------------

[0;31m---------------------------------------------------------------------------[0m
[0;31merror[0m                                     Traceback (most recent call last)
[0;32m/tmp/ipykernel_30238/1566266706.py[0m in [0;36m<module>[0;34m[0m
[1;32m      2[0m [0;32mimport[0m [0mcv2[0m[0;34m[0m[0;34m[0m[0m
[1;32m      3[0m [0mimage[0m [0;34m=[0m [0mcv2[0m[0;34m.[0m[0mimread[0m[0;34m([0m[0;34m'../Imagenes/ave.jpeg'[0m[0;34m)[0m[0;34m[0m[0;34m[0m[0m
[0;32m----> 4[0;31m [0mcv2[0m[0;34m.[0m[0mimshow[0m[0;34m([0m[0;34m'Imagen de entrada'[0m[0;34m,[0m[0mimage[0m[0;34m)[0m[0;34m[0m[0;34m[0m[0m
[0m[1;32m      5[0m [0mcv2[0m[0;34m.[0m[0mwaitKey[0m[0;34m([0m[0;36m0[0m[0;34m)[0m[0;34m[0m[0;34m[0m[0m
[1;32m      6[0m [0mcv2[0m[0;34m.[0m[0mdestroyAllWindows[0m[0;34m([0m[0;34m)[0m[0;34m[0m[0;34m[0m[0m

[0;31merror[0m: OpenCV(4.5.5) /io/opencv/modules/highgui/src/window.cpp:1000: error: (-215:Assertion failed) size.width>0 && size.height>0 in function 'imshow'

error: OpenCV(4.5.5) /io/opencv/modules/highgui/src/window.cpp:1000: error: (-215:Assertion failed) size.width>0 && size.height>0 in function 'imshow'


